<?xml version="1.0" encoding="UTF-8"?>
<!-- Generated by org.testng.reporters.JUnitXMLReporter -->
<testsuite hostname="Mayurgirhe" ignored="0" name="Default test" tests="26" failures="0" timestamp="09 Dec 2023 17:24:26 GMT" time="3.932" errors="0">
  <testcase name="@BeforeTest Test01" time="3.8" classname="com.amazon.SignIn">
    <failure type="org.openqa.selenium.WebDriverException" message="unknown error: net::ERR_INTERNET_DISCONNECTED
  (Session info: chrome=120.0.6099.71)
Build info: version: &amp;apos;3.9.0&amp;apos;, revision: &amp;apos;698b3178f0&amp;apos;, time: &amp;apos;2018-02-05T14:56:13.134Z&amp;apos;
System info: host: &amp;apos;MAYURGIRHE&amp;apos;, ip: &amp;apos;127.0.0.1&amp;apos;, os.name: &amp;apos;Windows 10&amp;apos;, os.arch: &amp;apos;amd64&amp;apos;, os.version: &amp;apos;10.0&amp;apos;, java.version: &amp;apos;1.8.0_144&amp;apos;
Driver info: org.openqa.selenium.chrome.ChromeDriver
Capabilities {acceptInsecureCerts: false, browserName: chrome, browserVersion: 120.0.6099.71, chrome: {chromedriverVersion: 119.0.6045.105 (38c72552c5e..., userDataDir: C:\Users\Mayur\AppData\Loca...}, fedcm:accounts: true, goog:chromeOptions: {debuggerAddress: localhost:61526}, javascriptEnabled: true, networkConnectionEnabled: false, pageLoadStrategy: normal, platform: WINDOWS, platformName: WINDOWS, proxy: Proxy(), setWindowRect: true, strictFileInteractability: false, timeouts: {implicit: 0, pageLoad: 300000, script: 30000}, unhandledPromptBehavior: dismiss and notify, webauthn:extension:credBlob: true, webauthn:extension:largeBlob: true, webauthn:extension:minPinLength: true, webauthn:extension:prf: true, webauthn:virtualAuthenticators: true}
Session ID: 4010e9e8309d78e2b3b3b3007d4e1efc">
      <![CDATA[org.openqa.selenium.WebDriverException: unknown error: net::ERR_INTERNET_DISCONNECTED  (Session info: chrome=120.0.6099.71)Build info: version: '3.9.0', revision: '698b3178f0', time: '2018-02-05T14:56:13.134Z'System info: host: 'MAYURGIRHE', ip: '127.0.0.1', os.name: 'Windows 10', os.arch: 'amd64', os.version: '10.0', java.version: '1.8.0_144'Driver info: org.openqa.selenium.chrome.ChromeDriverCapabilities {acceptInsecureCerts: false, browserName: chrome, browserVersion: 120.0.6099.71, chrome: {chromedriverVersion: 119.0.6045.105 (38c72552c5e..., userDataDir: C:\Users\Mayur\AppData\Loca...}, fedcm:accounts: true, goog:chromeOptions: {debuggerAddress: localhost:61526}, javascriptEnabled: true, networkConnectionEnabled: false, pageLoadStrategy: normal, platform: WINDOWS, platformName: WINDOWS, proxy: Proxy(), setWindowRect: true, strictFileInteractability: false, timeouts: {implicit: 0, pageLoad: 300000, script: 30000}, unhandledPromptBehavior: dismiss and notify, webauthn:extension:credBlob: true, webauthn:extension:largeBlob: true, webauthn:extension:minPinLength: true, webauthn:extension:prf: true, webauthn:virtualAuthenticators: true}Session ID: 4010e9e8309d78e2b3b3b3007d4e1efcat sun.reflect.NativeConstructorAccessorImpl.newInstance0(Native Method)at sun.reflect.NativeConstructorAccessorImpl.newInstance(NativeConstructorAccessorImpl.java:62)at sun.reflect.DelegatingConstructorAccessorImpl.newInstance(DelegatingConstructorAccessorImpl.java:45)at java.lang.reflect.Constructor.newInstance(Constructor.java:423)at org.openqa.selenium.remote.http.W3CHttpResponseCodec.createException(W3CHttpResponseCodec.java:187)at org.openqa.selenium.remote.http.W3CHttpResponseCodec.decode(W3CHttpResponseCodec.java:122)at org.openqa.selenium.remote.http.W3CHttpResponseCodec.decode(W3CHttpResponseCodec.java:49)at org.openqa.selenium.remote.HttpCommandExecutor.execute(HttpCommandExecutor.java:160)at org.openqa.selenium.remote.service.DriverCommandExecutor.execute(DriverCommandExecutor.java:83)at org.openqa.selenium.remote.RemoteWebDriver.execute(RemoteWebDriver.java:601)at org.openqa.selenium.remote.RemoteWebDriver.get(RemoteWebDriver.java:325)at com.amazon.SignIn.Test01(SignIn.java:23)at sun.reflect.NativeMethodAccessorImpl.invoke0(Native Method)at sun.reflect.NativeMethodAccessorImpl.invoke(NativeMethodAccessorImpl.java:62)at sun.reflect.DelegatingMethodAccessorImpl.invoke(DelegatingMethodAccessorImpl.java:43)at java.lang.reflect.Method.invoke(Method.java:498)at org.testng.internal.MethodInvocationHelper.invokeMethod(MethodInvocationHelper.java:124)at org.testng.internal.MethodInvocationHelper.invokeMethodConsideringTimeout(MethodInvocationHelper.java:59)at org.testng.internal.Invoker.invokeConfigurationMethod(Invoker.java:451)at org.testng.internal.Invoker.invokeConfigurations(Invoker.java:222)at org.testng.internal.Invoker.invokeConfigurations(Invoker.java:142)at org.testng.TestRunner.beforeRun(TestRunner.java:529)at org.testng.TestRunner.run(TestRunner.java:497)at org.testng.SuiteRunner.runTest(SuiteRunner.java:455)at org.testng.SuiteRunner.runSequentially(SuiteRunner.java:450)at org.testng.SuiteRunner.privateRun(SuiteRunner.java:415)at org.testng.SuiteRunner.run(SuiteRunner.java:364)at org.testng.SuiteRunnerWorker.runSuite(SuiteRunnerWorker.java:52)at org.testng.SuiteRunnerWorker.run(SuiteRunnerWorker.java:84)at org.testng.TestNG.runSuitesSequentially(TestNG.java:1187)at org.testng.TestNG.runSuitesLocally(TestNG.java:1116)at org.testng.TestNG.runSuites(TestNG.java:1028)at org.testng.TestNG.run(TestNG.java:996)at org.testng.remote.AbstractRemoteTestNG.run(AbstractRemoteTestNG.java:114)at org.testng.remote.RemoteTestNG.initAndRun(RemoteTestNG.java:251)at org.testng.remote.RemoteTestNG.main(RemoteTestNG.java:77)]]>
    </failure>
  </testcase> <!-- @BeforeTest Test01 -->
  <testcase name="test" time="0.0" classname="com.task_frame.JbkTest">
    <skipped/>
  </testcase> <!-- test -->
  <testcase name="dash" time="0.0" classname="com.testng.DemoTesting">
    <skipped/>
  </testcase> <!-- dash -->
  <testcase name="login" time="0.0" classname="com.testng.DemoTesting">
    <skipped/>
  </testcase> <!-- login -->
  <testcase name="logout" time="0.0" classname="com.testng.DemoTesting">
    <skipped/>
  </testcase> <!-- logout -->
  <testcase name="name" time="0.0" classname="com.testng.DemoTesting">
    <skipped/>
  </testcase> <!-- name -->
  <testcase name="user" time="0.0" classname="com.testng.DemoTesting">
    <skipped/>
  </testcase> <!-- user -->
  <testcase name="Test" time="0.0" classname="com.all_methods.DragAndDrop">
    <skipped/>
  </testcase> <!-- Test -->
  <testcase name="VerifyTitleOfPage" time="0.0" classname="com.test.LoginTest">
    <skipped/>
  </testcase> <!-- VerifyTitleOfPage -->
  <testcase name="test" time="0.0" classname="com.task_frame.Frame_Handle">
    <skipped/>
  </testcase> <!-- test -->
  <testcase name="dash" time="0.0" classname="com.test.TestNG_Ex">
    <skipped/>
  </testcase> <!-- dash -->
  <testcase name="login" time="0.0" classname="com.test.TestNG_Ex">
    <skipped/>
  </testcase> <!-- login -->
  <testcase name="user" time="0.0" classname="com.test.TestNG_Ex">
    <skipped/>
  </testcase> <!-- user -->
  <testcase name="test01" time="0.0" classname="com.all_methods.DataDrivenCode">
    <skipped/>
  </testcase> <!-- test01 -->
  <testcase name="test01" time="0.0" classname="com.project.JavaScriptExecute">
    <skipped/>
  </testcase> <!-- test01 -->
  <testcase name="dash" time="0.0" classname="com.testng.testNg_Demo">
    <skipped/>
  </testcase> <!-- dash -->
  <testcase name="login" time="0.0" classname="com.testng.testNg_Demo">
    <skipped/>
  </testcase> <!-- login -->
  <testcase name="logout" time="0.0" classname="com.testng.testNg_Demo">
    <skipped/>
  </testcase> <!-- logout -->
  <testcase name="user" time="0.0" classname="com.testng.testNg_Demo">
    <skipped/>
  </testcase> <!-- user -->
  <testcase name="Test01" time="0.0" classname="com.project.FileUploadEx">
    <skipped/>
  </testcase> <!-- Test01 -->
  <testcase name="test01" time="0.0" classname="com.all_methods.ReadExcelFile">
    <skipped/>
  </testcase> <!-- test01 -->
  <testcase name="Test1" time="0.0" classname="com.window_handles.WindowHandles">
    <skipped/>
  </testcase> <!-- Test1 -->
  <testcase name="loginpage" time="0.0" classname="com.pageobjectmodel.LoginTest">
    <skipped/>
  </testcase> <!-- loginpage -->
  <testcase name="test01" time="0.0" classname="com.all_methods.ExcelWrite">
    <skipped/>
  </testcase> <!-- test01 -->
  <testcase name="test01" time="0.0" classname="com.all_methods.JavaScriptEx">
    <skipped/>
  </testcase> <!-- test01 -->
  <testcase name="Test1" time="0.0" classname="com.project.Scroll_JavaScriptEx">
    <skipped/>
  </testcase> <!-- Test1 -->
  <testcase name="test01" time="0.0" classname="com.test_window_handle.WindowEx">
    <skipped/>
  </testcase> <!-- test01 -->
</testsuite> <!-- Default test -->
